#
# A fatal error has been detected by the Java Runtime Environment:
#
#  EXCEPTION_ACCESS_VIOLATION (0xc0000005) at pc=0x0000000061cf9e16, pid=11748, tid=0x0000000000001b50
#
# JRE version: Java(TM) SE Runtime Environment (8.0_121-b13) (build 1.8.0_121-b13)
# Java VM: Java HotSpot(TM) 64-Bit Server VM (25.121-b13 mixed mode windows-amd64 compressed oops)
# Problematic frame:
# V  [jvm.dll+0x149e16]
#
# Failed to write core dump. Minidumps are not enabled by default on client versions of Windows
#
# If you would like to submit a bug report, please visit:
#   http://bugreport.java.com/bugreport/crash.jsp
#

---------------  T H R E A D  ---------------

Current thread (0x0000000002e22800):  JavaThread "main" [_thread_in_vm, id=6992, stack(0x0000000002d20000,0x0000000002e20000)]

siginfo: ExceptionCode=0xc0000005, reading address 0x0000004b004f005f

Registers:
RAX=0x0000004b004f005f, RBX=0x0000004b004f005f, RCX=0x00000000d68eb960, RDX=0x0000000000000000
RSP=0x0000000002e1f050, RBP=0x0000000002e1f268, RSI=0x0000000002e229f8, RDI=0x0000000002e22800
R8 =0x0000000002e22800, R9 =0x0000000002e1f178, R10=0x0000000016848017, R11=0x0000000002e1f188
R12=0x000000001ed8bb60, R13=0x0000000002e1f178, R14=0x0000000002e1f298, R15=0x0000000002e22800
RIP=0x0000000061cf9e16, EFLAGS=0x0000000000010246

Top of Stack: (sp=0x0000000002e1f050)
0x0000000002e1f050:   0000000000000377 0000000000000000
0x0000000002e1f060:   00000000174b1770 0000000002e22800
0x0000000002e1f070:   00000000174b1770 0000000002e22800
0x0000000002e1f080:   0000000002c5ae70 0000000002c5ebb0
0x0000000002e1f090:   0000000002c5ebc0 0000000002c5ef98
0x0000000002e1f0a0:   0000000002e22800 0000000000000000
0x0000000002e1f0b0:   0000000002e22800 0000000002c5aab0
0x0000000002e1f0c0:   0000000002e22c60 0000000002e22c70
0x0000000002e1f0d0:   0000000002e22d48 0000000061cf7a8b
0x0000000002e1f0e0:   0000000002e1f110 00000000000000d8
0x0000000002e1f0f0:   0000000017716b68 0000000000000000
0x0000000002e1f100:   0000000002e1f150 00007fff656d240e
0x0000000002e1f110:   cccccccccccccccc 0000000017716b70
0x0000000002e1f120:   000000002000627f cccccccccccccccc
0x0000000002e1f130:   cccccccccccccccc 0000000002e1f178
0x0000000002e1f140:   cccccccccccccccc cccccccccccccccc 

Instructions: (pc=0x0000000061cf9e16)
0x0000000061cf9df6:   00 00 00 00 74 0a 48 8d 4c 24 50 e8 ba 1b 13 00
0x0000000061cf9e06:   48 8b 0b e8 62 e7 f1 ff 4c 8b c7 33 d2 48 8b d8
0x0000000061cf9e16:   48 8b 00 48 8b cb ff 50 78 48 83 7f 08 00 74 04
0x0000000061cf9e26:   33 c0 eb 25 48 8b 03 48 8b d7 48 8b cb ff 90 90 


Register to memory mapping:

RAX=0x0000004b004f005f is an unknown value
RBX=0x0000004b004f005f is an unknown value
RCX=0x00000000d68eb960 is an oop
de.awesome.smarthome.td.sound.FmodResult 
 - klass: 'de/awesome/smarthome/td/sound/FmodResult'
RDX=0x0000000000000000 is an unknown value
RSP=0x0000000002e1f050 is pointing into the stack for thread: 0x0000000002e22800
RBP=0x0000000002e1f268 is pointing into the stack for thread: 0x0000000002e22800
RSI=0x0000000002e229f8 is an unknown value
RDI=0x0000000002e22800 is a thread
R8 =0x0000000002e22800 is a thread
R9 =0x0000000002e1f178 is pointing into the stack for thread: 0x0000000002e22800
R10=0x0000000016848017 is an unknown value
R11=0x0000000002e1f188 is pointing into the stack for thread: 0x0000000002e22800
R12=0x000000001ed8bb60 is an unknown value
R13=0x0000000002e1f178 is pointing into the stack for thread: 0x0000000002e22800
R14=0x0000000002e1f298 is pointing into the stack for thread: 0x0000000002e22800
R15=0x0000000002e22800 is a thread


Stack: [0x0000000002d20000,0x0000000002e20000],  sp=0x0000000002e1f050,  free space=1020k
Native frames: (J=compiled Java code, j=interpreted, Vv=VM code, C=native code)
V  [jvm.dll+0x149e16]
C  [FmodNative.dll+0x240e]  JNIEnv_::NewObject+0x5e
C  [FmodNative.dll+0x276c]  boolean_create+0x4c
C  [FmodNative.dll+0x4ab8]  Java_de_awesome_smarthome_td_sound_FmodSystem_isRecording+0x78
C  0x0000000002f4100c

Java frames: (J=compiled Java code, j=interpreted, Vv=VM code)
j  de.awesome.smarthome.td.sound.FmodSystem.isRecording(ILde/awesome/smarthome/td/util/Wrapper;)Lde/awesome/smarthome/td/sound/FmodResult;+0
j  de.awesome.smarthome.td.carlauncher.Main.main([Ljava/lang/String;)V+887
v  ~StubRoutines::call_stub

---------------  P R O C E S S  ---------------

Java Threads: ( => current thread )
  0x000000001edba000 JavaThread "Thread-0" [_thread_in_native, id=16344, stack(0x000000001f3c0000,0x000000001f4c0000)]
  0x00000000196eb800 JavaThread "Service Thread" daemon [_thread_blocked, id=13764, stack(0x0000000019a90000,0x0000000019b90000)]
  0x0000000017a7c000 JavaThread "C1 CompilerThread2" daemon [_thread_blocked, id=12452, stack(0x0000000019590000,0x0000000019690000)]
  0x0000000017a75800 JavaThread "C2 CompilerThread1" daemon [_thread_blocked, id=16208, stack(0x0000000019490000,0x0000000019590000)]
  0x0000000017a83000 JavaThread "C2 CompilerThread0" daemon [_thread_blocked, id=14740, stack(0x0000000019390000,0x0000000019490000)]
  0x0000000017a68800 JavaThread "JDWP Command Reader" daemon [_thread_in_native, id=6588, stack(0x0000000019290000,0x0000000019390000)]
  0x0000000017a65000 JavaThread "JDWP Event Helper Thread" daemon [_thread_blocked, id=14456, stack(0x0000000019190000,0x0000000019290000)]
  0x0000000017a61800 JavaThread "JDWP Transport Listener: dt_socket" daemon [_thread_blocked, id=15968, stack(0x0000000019090000,0x0000000019190000)]
  0x0000000017a4e000 JavaThread "Attach Listener" daemon [_thread_blocked, id=15132, stack(0x0000000018f90000,0x0000000019090000)]
  0x0000000017a4c800 JavaThread "Signal Dispatcher" daemon [_thread_blocked, id=12508, stack(0x0000000018e90000,0x0000000018f90000)]
  0x0000000002f1d800 JavaThread "Finalizer" daemon [_thread_blocked, id=11416, stack(0x0000000018ca0000,0x0000000018da0000)]
  0x0000000002f12000 JavaThread "Reference Handler" daemon [_thread_blocked, id=15056, stack(0x0000000018ba0000,0x0000000018ca0000)]
=>0x0000000002e22800 JavaThread "main" [_thread_in_vm, id=6992, stack(0x0000000002d20000,0x0000000002e20000)]

Other Threads:
  0x0000000017a17800 VMThread [stack: 0x0000000018aa0000,0x0000000018ba0000] [id=16152]
  0x00000000196f8000 WatcherThread [stack: 0x0000000019b90000,0x0000000019c90000] [id=15636]

VM state:not at safepoint (normal execution)

VM Mutex/Monitor currently owned by a thread: None

Heap:
 PSYoungGen      total 38400K, used 11983K [0x00000000d5f00000, 0x00000000d8980000, 0x0000000100000000)
  eden space 33280K, 36% used [0x00000000d5f00000,0x00000000d6ab3dd0,0x00000000d7f80000)
  from space 5120K, 0% used [0x00000000d8480000,0x00000000d8480000,0x00000000d8980000)
  to   space 5120K, 0% used [0x00000000d7f80000,0x00000000d7f80000,0x00000000d8480000)
 ParOldGen       total 87552K, used 0K [0x0000000081c00000, 0x0000000087180000, 0x00000000d5f00000)
  object space 87552K, 0% used [0x0000000081c00000,0x0000000081c00000,0x0000000087180000)
 Metaspace       used 7502K, capacity 7728K, committed 7936K, reserved 1056768K
  class space    used 871K, capacity 954K, committed 1024K, reserved 1048576K

Card table byte_map: [0x00000000122e0000,0x00000000126e0000] byte_map_base: 0x0000000011ed2000

Marking Bits: (ParMarkBitMap*) 0x00000000623cb6d0
 Begin Bits: [0x0000000012d90000, 0x0000000014d20000)
 End Bits:   [0x0000000014d20000, 0x0000000016cb0000)

Polling page: 0x0000000002c30000

CodeCache: size=245760Kb used=2568Kb max_used=2585Kb free=243191Kb
 bounds [0x0000000002f20000, 0x00000000031b0000, 0x0000000011f20000]
 total_blobs=911 nmethods=579 adapters=253
 compilation: enabled

Compilation events (10 events):
Event: 1.344 Thread 0x0000000017a7c000  577       3       java.lang.invoke.MemberName::getInvocationType (56 bytes)
Event: 1.345 Thread 0x0000000017a7c000 nmethod 577 0x00000000031805d0 code [0x00000000031807c0, 0x00000000031813e8]
Event: 1.345 Thread 0x0000000017a7c000  578       1       java.lang.invoke.MethodType::parameterCount (6 bytes)
Event: 1.345 Thread 0x0000000017a7c000 nmethod 578 0x0000000003181710 code [0x0000000003181860, 0x0000000003181970]
Event: 1.345 Thread 0x0000000017a7c000  579       3       java.lang.invoke.TypeConvertingMethodAdapter::convertType (299 bytes)
Event: 1.359 Thread 0x0000000017a7c000 nmethod 579 0x0000000003181a10 code [0x00000000031827e0, 0x000000000318e2f8]
Event: 1.364 Thread 0x0000000017a75800 nmethod 561 0x000000000319c850 code [0x000000000319cae0, 0x000000000319e740]
Event: 1.364 Thread 0x0000000017a75800  573   !   4       sun.misc.URLClassPath$JarLoader::getResource (85 bytes)
Event: 1.377 Thread 0x0000000017a83000 nmethod 564 0x000000000319fe90 code [0x00000000031a0120, 0x00000000031a1ba0]
Event: 1.418 Thread 0x0000000017a75800 nmethod 573 0x00000000031a3a50 code [0x00000000031a3d00, 0x00000000031a54c8]

GC Heap History (0 events):
No events

Deoptimization events (1 events):
Event: 0.997 Thread 0x0000000002e22800 Uncommon trap: reason=unstable_if action=reinterpret pc=0x00000000030d8b1c method=org.sqlite.SQLiteJDBCLoader.contentsEquals(Ljava/io/InputStream;Ljava/io/InputStream;)Z @ 39

Internal exceptions (10 events):
Event: 0.266 Thread 0x0000000002e22800 Exception <a 'sun/nio/fs/WindowsException'> (0x00000000d6105910) thrown at [C:\re\workspace\8-2-build-windows-amd64-cygwin\jdk8u121\8372\hotspot\src\share\vm\prims\jni.cpp, line 709]
Event: 0.412 Thread 0x0000000002e22800 Exception <a 'sun/nio/fs/WindowsException'> (0x00000000d61b87a8) thrown at [C:\re\workspace\8-2-build-windows-amd64-cygwin\jdk8u121\8372\hotspot\src\share\vm\prims\jni.cpp, line 709]
Event: 0.415 Thread 0x0000000002e22800 Exception <a 'sun/nio/fs/WindowsException'> (0x00000000d61c1200) thrown at [C:\re\workspace\8-2-build-windows-amd64-cygwin\jdk8u121\8372\hotspot\src\share\vm\prims\jni.cpp, line 709]
Event: 0.415 Thread 0x0000000002e22800 Exception <a 'sun/nio/fs/WindowsException'> (0x00000000d61c1988) thrown at [C:\re\workspace\8-2-build-windows-amd64-cygwin\jdk8u121\8372\hotspot\src\share\vm\prims\jni.cpp, line 709]
Event: 0.430 Thread 0x0000000002e22800 Exception <a 'java/security/PrivilegedActionException'> (0x00000000d61f2a70) thrown at [C:\re\workspace\8-2-build-windows-amd64-cygwin\jdk8u121\8372\hotspot\src\share\vm\prims\jvm.cpp, line 1390]
Event: 0.430 Thread 0x0000000002e22800 Exception <a 'java/security/PrivilegedActionException'> (0x00000000d61f2c80) thrown at [C:\re\workspace\8-2-build-windows-amd64-cygwin\jdk8u121\8372\hotspot\src\share\vm\prims\jvm.cpp, line 1390]
Event: 0.432 Thread 0x0000000002e22800 Exception <a 'java/security/PrivilegedActionException'> (0x00000000d61f6d78) thrown at [C:\re\workspace\8-2-build-windows-amd64-cygwin\jdk8u121\8372\hotspot\src\share\vm\prims\jvm.cpp, line 1390]
Event: 0.432 Thread 0x0000000002e22800 Exception <a 'java/security/PrivilegedActionException'> (0x00000000d61f6f88) thrown at [C:\re\workspace\8-2-build-windows-amd64-cygwin\jdk8u121\8372\hotspot\src\share\vm\prims\jvm.cpp, line 1390]
Event: 1.081 Thread 0x0000000002e22800 Exception <a 'java/lang/NoSuchFieldError': method resolution failed> (0x00000000d6709a00) thrown at [C:\re\workspace\8-2-build-windows-amd64-cygwin\jdk8u121\8372\hotspot\src\share\vm\prims\methodHandles.cpp, line 1146]
Event: 1.083 Thread 0x0000000002e22800 Exception <a 'java/lang/NoSuchFieldError': method resolution failed> (0x00000000d6717078) thrown at [C:\re\workspace\8-2-build-windows-amd64-cygwin\jdk8u121\8372\hotspot\src\share\vm\prims\methodHandles.cpp, line 1146]

Events (10 events):
Event: 37.521 Executing VM operation: GetOrSetLocal
Event: 37.521 Executing VM operation: GetOrSetLocal done
Event: 37.523 Executing VM operation: ForceSafepoint
Event: 37.523 Executing VM operation: ForceSafepoint done
Event: 37.771 Executing VM operation: EnterInterpOnlyMode
Event: 37.771 Executing VM operation: EnterInterpOnlyMode done
Event: 37.771 Executing VM operation: GetCurrentLocation
Event: 37.771 Executing VM operation: GetCurrentLocation done
Event: 37.771 Executing VM operation: ChangeSingleStep
Event: 37.771 Executing VM operation: ChangeSingleStep done


Dynamic libraries:
0x00007ff7d4b00000 - 0x00007ff7d4b37000 	C:\Program Files\Java\jdk1.8.0_121\bin\java.exe
0x00007fff79f20000 - 0x00007fff7a0f1000 	C:\Windows\SYSTEM32\ntdll.dll
0x00007fff77a30000 - 0x00007fff77adb000 	C:\Windows\System32\KERNEL32.DLL
0x00007fff77170000 - 0x00007fff7738d000 	C:\Windows\System32\KERNELBASE.dll
0x00007fff77ae0000 - 0x00007fff77b82000 	C:\Windows\System32\ADVAPI32.dll
0x00007fff79900000 - 0x00007fff7999e000 	C:\Windows\System32\msvcrt.dll
0x00007fff79ec0000 - 0x00007fff79f19000 	C:\Windows\System32\sechost.dll
0x00007fff77c50000 - 0x00007fff77d71000 	C:\Windows\System32\RPCRT4.dll
0x00007fff79d50000 - 0x00007fff79eb5000 	C:\Windows\System32\USER32.dll
0x00007fff76410000 - 0x00007fff7642e000 	C:\Windows\System32\win32u.dll
0x00007fff774b0000 - 0x00007fff774e4000 	C:\Windows\System32\GDI32.dll
0x00007fff76680000 - 0x00007fff76802000 	C:\Windows\System32\gdi32full.dll
0x00007fff6bd00000 - 0x00007fff6bf7a000 	C:\Windows\WinSxS\amd64_microsoft.windows.common-controls_6595b64144ccf1df_6.0.14393.953_none_42151e83c686086b\COMCTL32.dll
0x00007fff776c0000 - 0x00007fff77988000 	C:\Windows\System32\combase.dll
0x00007fff76520000 - 0x00007fff76615000 	C:\Windows\System32\ucrtbase.dll
0x00007fff77390000 - 0x00007fff773fa000 	C:\Windows\System32\bcryptPrimitives.dll
0x00007fff77a00000 - 0x00007fff77a2e000 	C:\Windows\System32\IMM32.DLL
0x0000000063080000 - 0x0000000063152000 	C:\Program Files\Java\jdk1.8.0_121\jre\bin\msvcr100.dll
0x0000000061bb0000 - 0x000000006244b000 	C:\Program Files\Java\jdk1.8.0_121\jre\bin\server\jvm.dll
0x00007fff79d20000 - 0x00007fff79d28000 	C:\Windows\System32\PSAPI.DLL
0x00007fff59c80000 - 0x00007fff59c89000 	C:\Windows\SYSTEM32\WSOCK32.dll
0x00007fff793f0000 - 0x00007fff7945a000 	C:\Windows\System32\WS2_32.dll
0x00007fff74830000 - 0x00007fff74853000 	C:\Windows\SYSTEM32\WINMM.dll
0x00007fff6c3b0000 - 0x00007fff6c3ba000 	C:\Windows\SYSTEM32\VERSION.dll
0x00007fff747d0000 - 0x00007fff747fb000 	C:\Windows\SYSTEM32\WINMMBASE.dll
0x00007fff76430000 - 0x00007fff76472000 	C:\Windows\System32\cfgmgr32.dll
0x0000000063070000 - 0x000000006307f000 	C:\Program Files\Java\jdk1.8.0_121\jre\bin\verify.dll
0x0000000063040000 - 0x0000000063069000 	C:\Program Files\Java\jdk1.8.0_121\jre\bin\java.dll
0x0000000062fe0000 - 0x0000000063015000 	C:\Program Files\Java\jdk1.8.0_121\jre\bin\jdwp.dll
0x0000000062fd0000 - 0x0000000062fd8000 	C:\Program Files\Java\jdk1.8.0_121\jre\bin\npt.dll
0x0000000063020000 - 0x0000000063036000 	C:\Program Files\Java\jdk1.8.0_121\jre\bin\zip.dll
0x00007fff77d80000 - 0x00007fff79289000 	C:\Windows\System32\SHELL32.dll
0x00007fff768c0000 - 0x00007fff76f9a000 	C:\Windows\System32\windows.storage.dll
0x00007fff763b0000 - 0x00007fff763fc000 	C:\Windows\System32\powrprof.dll
0x00007fff79890000 - 0x00007fff798e2000 	C:\Windows\System32\shlwapi.dll
0x00007fff76400000 - 0x00007fff7640f000 	C:\Windows\System32\kernel.appcore.dll
0x00007fff76810000 - 0x00007fff768b9000 	C:\Windows\System32\shcore.dll
0x00007fff76380000 - 0x00007fff76394000 	C:\Windows\System32\profapi.dll
0x0000000062fc0000 - 0x0000000062fc9000 	C:\Program Files\Java\jdk1.8.0_121\jre\bin\dt_socket.dll
0x00007fff75c50000 - 0x00007fff75cac000 	C:\Windows\system32\mswsock.dll
0x00007fff68030000 - 0x00007fff6807a000 	D:\Projects\SmartHome\SDLNative\build\win\x64\SDLNative.dll
0x000000006c740000 - 0x000000006c87d000 	D:\Projects\SmartHome\SDLNative\build\win\x64\SDL2.dll
0x00007fff799a0000 - 0x00007fff79ad7000 	C:\Windows\System32\ole32.dll
0x00007fff77b90000 - 0x00007fff77c4f000 	C:\Windows\System32\OLEAUT32.dll
0x00007fff76480000 - 0x00007fff7651c000 	C:\Windows\System32\msvcp_win.dll
0x000000006a880000 - 0x000000006a8b1000 	D:\Projects\SmartHome\SDLNative\build\win\x64\SDL2_image.dll
0x0000000071000000 - 0x0000000071017000 	D:\Projects\SmartHome\SDLNative\build\win\x64\SDL2_ttf.dll
0x00007fff65700000 - 0x00007fff657f2000 	C:\Windows\SYSTEM32\MSVCP140D.dll
0x00007fff68130000 - 0x00007fff68151000 	C:\Windows\SYSTEM32\VCRUNTIME140D.dll
0x00007fff65050000 - 0x00007fff6520e000 	C:\Windows\SYSTEM32\ucrtbased.dll
0x000000006cd00000 - 0x000000006cd8d000 	D:\Projects\SmartHome\SDLNative\build\win\x64\libfreetype-6.dll
0x0000000062e80000 - 0x0000000062eaa000 	D:\Projects\SmartHome\SDLNative\build\win\x64\zlib1.dll
0x00007fff656d0000 - 0x00007fff656f5000 	D:\Projects\SmartHome\FmodNative\build\win\FmodNative.dll
0x00007fff4b090000 - 0x00007fff4b2a5000 	D:\Projects\SmartHome\FmodNative\build\win\fmodL64.dll
0x00007fff4d160000 - 0x00007fff4d17c000 	C:\Windows\SYSTEM32\MSACM32.dll
0x0000000062fa0000 - 0x0000000062fba000 	C:\Program Files\Java\jdk1.8.0_121\jre\bin\net.dll
0x0000000062f80000 - 0x0000000062f91000 	C:\Program Files\Java\jdk1.8.0_121\jre\bin\nio.dll
0x00007fff74ac0000 - 0x00007fff74b55000 	C:\Windows\system32\uxtheme.dll
0x00007fff79290000 - 0x00007fff793ea000 	C:\Windows\System32\MSCTF.dll
0x00007fff60d30000 - 0x00007fff60dc8000 	C:\Program Files\Common Files\microsoft shared\ink\tiptsf.dll
0x00007fff741a0000 - 0x00007fff741c6000 	C:\Windows\system32\dwmapi.dll
0x00007fff79c80000 - 0x00007fff79d1f000 	C:\Windows\System32\clbcatq.dll
0x00007fff4caf0000 - 0x00007fff4cc7d000 	C:\Windows\SYSTEM32\D3D9.DLL
0x00007fff44350000 - 0x00007fff46633000 	C:\Windows\SYSTEM32\igdumdim64.dll
0x00007fff79460000 - 0x00007fff79889000 	C:\Windows\System32\SETUPAPI.dll
0x00007fff70310000 - 0x00007fff70d02000 	C:\Windows\SYSTEM32\igdusc64.dll
0x0000000068b40000 - 0x0000000068b7d000 	D:\Projects\SmartHome\SDLNative\build\win\x64\libpng16-16.dll
0x00007fff75df0000 - 0x00007fff75e07000 	C:\Windows\SYSTEM32\CRYPTSP.dll
0x00007fff75850000 - 0x00007fff75883000 	C:\Windows\system32\rsaenh.dll
0x00007fff762c0000 - 0x00007fff762eb000 	C:\Windows\SYSTEM32\bcrypt.dll
0x00007fff75ad0000 - 0x00007fff75aef000 	C:\Windows\SYSTEM32\USERENV.dll
0x00007fff75e10000 - 0x00007fff75e1b000 	C:\Windows\SYSTEM32\CRYPTBASE.dll
0x00007fff759d0000 - 0x00007fff75a08000 	C:\Windows\SYSTEM32\IPHLPAPI.DLL
0x00007fff798f0000 - 0x00007fff798f8000 	C:\Windows\System32\NSI.dll
0x00007fff72020000 - 0x00007fff72036000 	C:\Windows\SYSTEM32\dhcpcsvc6.DLL
0x00007fff720d0000 - 0x00007fff720ea000 	C:\Windows\SYSTEM32\dhcpcsvc.DLL
0x0000000065880000 - 0x0000000065970000 	C:\Users\Sebif\AppData\Local\Temp\sqlite-3.15.1-2765096c-39f8-4eb3-9ed4-6f9b7d4277c1-sqlitejdbc.dll
0x00007fff6fa80000 - 0x00007fff6faf1000 	C:\Windows\System32\MMDevApi.dll
0x00007fff74fe0000 - 0x00007fff75008000 	C:\Windows\System32\DEVOBJ.dll
0x00007fff73e60000 - 0x00007fff73fe5000 	C:\Windows\System32\PROPSYS.dll
0x00007fff4a2d0000 - 0x00007fff4a30f000 	C:\Windows\SYSTEM32\wdmaud.drv
0x00007fff4c1b0000 - 0x00007fff4c1b9000 	C:\Windows\SYSTEM32\ksuser.dll
0x00007fff72dc0000 - 0x00007fff72dcb000 	C:\Windows\SYSTEM32\AVRT.dll
0x00007fff5f6b0000 - 0x00007fff5f744000 	C:\Windows\SYSTEM32\AUDIOSES.DLL
0x00007fff73360000 - 0x00007fff73496000 	C:\Windows\SYSTEM32\wintypes.dll
0x00007fff4c110000 - 0x00007fff4c11d000 	C:\Windows\SYSTEM32\msacm32.drv
0x00007fff4bc80000 - 0x00007fff4bc8a000 	C:\Windows\SYSTEM32\midimap.dll
0x00007fff60e70000 - 0x00007fff6101a000 	C:\Windows\System32\uiautomationcore.dll
0x00007fff761c0000 - 0x00007fff76258000 	C:\Windows\SYSTEM32\sxs.dll
0x00007fff67110000 - 0x00007fff672a2000 	C:\Windows\SYSTEM32\dbghelp.dll

VM Arguments:
jvm_args: -agentlib:jdwp=transport=dt_socket,address=127.0.0.1:51758,suspend=y,server=n -Dfile.encoding=UTF-8 
java_command: de.awesome.smarthome.td.carlauncher.Main
java_class_path (initial): C:\Program Files\Java\jdk1.8.0_121\jre\lib\charsets.jar;C:\Program Files\Java\jdk1.8.0_121\jre\lib\deploy.jar;C:\Program Files\Java\jdk1.8.0_121\jre\lib\ext\access-bridge-64.jar;C:\Program Files\Java\jdk1.8.0_121\jre\lib\ext\cldrdata.jar;C:\Program Files\Java\jdk1.8.0_121\jre\lib\ext\dnsns.jar;C:\Program Files\Java\jdk1.8.0_121\jre\lib\ext\jaccess.jar;C:\Program Files\Java\jdk1.8.0_121\jre\lib\ext\jfxrt.jar;C:\Program Files\Java\jdk1.8.0_121\jre\lib\ext\localedata.jar;C:\Program Files\Java\jdk1.8.0_121\jre\lib\ext\nashorn.jar;C:\Program Files\Java\jdk1.8.0_121\jre\lib\ext\sunec.jar;C:\Program Files\Java\jdk1.8.0_121\jre\lib\ext\sunjce_provider.jar;C:\Program Files\Java\jdk1.8.0_121\jre\lib\ext\sunmscapi.jar;C:\Program Files\Java\jdk1.8.0_121\jre\lib\ext\sunpkcs11.jar;C:\Program Files\Java\jdk1.8.0_121\jre\lib\ext\zipfs.jar;C:\Program Files\Java\jdk1.8.0_121\jre\lib\javaws.jar;C:\Program Files\Java\jdk1.8.0_121\jre\lib\jce.jar;C:\Program Files\Java\jdk1.8.0_121\jre\lib\jfr.jar;C:\Program Files\Java\jdk1.8.0_121\jre\lib\jfxswt.jar;C:\Program Files\Java\jdk1.8.0_121\jre\lib\jsse.jar;C:\Program Files\Java\jdk1.8.0_121\jre\lib\management-agent.jar;C:\Program Files\Java\jdk1.8.0_121\jre\lib\plugin.jar;C:\Program Files\Java\jdk1.8.0_121\jre\lib\resources.jar;C:\Program Files\Java\jdk1.8.0_121\jre\lib\rt.jar;D:\Projects\SmartHome\TouchDisplay\target\classes;C:\Users\Sebif\.m2\repository\de\awesome\smarthome\APF\1.0-SNAPSHOT\APF-1.0-SNAPSHOT.jar;C:\Users\Sebif\.m2\repository\de\awesome\smarthome\Transport\1.0-SNAPSHOT\Transport-1.0-SNAPSHOT.jar;C:\Users\Sebif\.m2\repository\org\json\json\20160810\json-20160810.jar;C:\Users\Sebif\.m2\repository\org\xerial\sqlite-jdbc\3.15.1\sqlite-jdbc-3.15.1.jar;C:\Users\Sebif\.m2\repository\io\dropwizard\metrics\metrics-core\3.1.0\metrics-core-3.1.0.jar;C:\Users\Sebif\.m2\repository\org\slf4j\slf4j-api\1.7.7\slf4j-api-1.7.7.jar;C:\Program Files (x86)\JetBrains\IntelliJ IDEA Community Edition 2017.1\lib\idea_rt.j
Launcher Type: SUN_STANDARD

Environment Variables:
JAVA_HOME=C:\Program Files\Java\jdk1.8.0_121
PATH=C:\ProgramData\Oracle\Java\javapath;C:\Windows\system32;C:\Windows;C:\Windows\System32\Wbem;C:\Program Files\CMake\bin;C:\Program Files\Java\jdk1.8.0_121\bin;C:\Program Files (x86)\GtkSharp\2.12\bin;C:\Program Files (x86)\apache-maven-3.3.9\bin;C:\SysGCC\Raspberry\bin;D:\Projects\SmartHome\FmodNative\build\win;D:\Projects\SmartHome\SDLNative\build\win\x64;C:\Users\Sebif\AppData\Local\Microsoft\WindowsApps;C:\Users\Sebif\AppData\Roaming\npm;C:\SysGCC\Raspberry\bin
USERNAME=Sebif
OS=Windows_NT
PROCESSOR_IDENTIFIER=Intel64 Family 6 Model 69 Stepping 1, GenuineIntel



---------------  S Y S T E M  ---------------

OS: Windows 10.0 , 64 bit Build 14393 (10.0.14393.0)

CPU:total 4 (2 cores per cpu, 2 threads per core) family 6 model 69 stepping 1, cmov, cx8, fxsr, mmx, sse, sse2, sse3, ssse3, sse4.1, sse4.2, popcnt, avx, avx2, aes, clmul, erms, lzcnt, ht, tsc, tscinvbit, bmi1, bmi2

Memory: 4k page, physical 8266008k(4248132k free), swap 9576728k(4531200k free)

vm_info: Java HotSpot(TM) 64-Bit Server VM (25.121-b13) for windows-amd64 JRE (1.8.0_121-b13), built on Dec 12 2016 18:21:36 by "java_re" with MS VC++ 10.0 (VS2010)

time: Tue Mar 28 18:19:48 2017
elapsed time: 39 seconds (0d 0h 0m 39s)

