d:\projects\smarthome\fmodnative\bin\win\fmodnative.dir\debug\vc141.pdb
d:\projects\smarthome\fmodnative\bin\win\fmodnative.dir\debug\de_awesome_smarthome_td_sound_fmodcreatesoundexinfo.obj
d:\projects\smarthome\fmodnative\bin\win\fmodnative.dir\debug\de_awesome_smarthome_td_sound_fmodchannel.obj
d:\projects\smarthome\fmodnative\bin\win\fmodnative.dir\debug\de_awesome_smarthome_td_sound_fmodsound.obj
d:\projects\smarthome\fmodnative\bin\win\fmodnative.dir\debug\de_awesome_smarthome_td_sound_fmodsystem.obj
d:\projects\smarthome\fmodnative\bin\win\fmodnative.dir\debug\fmodchannelorder.obj
d:\projects\smarthome\fmodnative\bin\win\fmodnative.dir\debug\fmodsoundtype.obj
d:\projects\smarthome\fmodnative\bin\win\fmodnative.dir\debug\fmodsoundformat.obj
d:\projects\smarthome\fmodnative\bin\win\fmodnative.dir\debug\fmodspeakermode.obj
d:\projects\smarthome\fmodnative\bin\win\fmodnative.dir\debug\fmodoutputtype.obj
d:\projects\smarthome\fmodnative\bin\win\fmodnative.dir\debug\fmodresult.obj
d:\projects\smarthome\fmodnative\bin\win\fmodnative.dir\debug\boolean.obj
d:\projects\smarthome\fmodnative\bin\win\fmodnative.dir\debug\integer.obj
d:\projects\smarthome\fmodnative\bin\win\fmodnative.dir\debug\wrapper.obj
d:\projects\smarthome\fmodnative\bin\win\fmodnative.dir\debug\helper.obj
d:\projects\smarthome\fmodnative\bin\win\fmodnative.dir\debug\float.obj
d:\projects\smarthome\fmodnative\bin\win\cmakefiles\generate.stamp
d:\projects\smarthome\fmodnative\bin\win\debug\fmodnative.lib
d:\projects\smarthome\fmodnative\bin\win\debug\fmodnative.exp
d:\projects\smarthome\fmodnative\bin\win\debug\fmodnative.ilk
d:\projects\smarthome\fmodnative\bin\win\debug\fmodnative.dll
d:\projects\smarthome\fmodnative\bin\win\debug\fmodnative.pdb
d:\projects\smarthome\fmodnative\bin\win\fmodnative.dir\debug\fmodnative.tlog\cl.command.1.tlog
d:\projects\smarthome\fmodnative\bin\win\fmodnative.dir\debug\fmodnative.tlog\cl.read.1.tlog
d:\projects\smarthome\fmodnative\bin\win\fmodnative.dir\debug\fmodnative.tlog\cl.write.1.tlog
d:\projects\smarthome\fmodnative\bin\win\fmodnative.dir\debug\fmodnative.tlog\custombuild.command.1.tlog
d:\projects\smarthome\fmodnative\bin\win\fmodnative.dir\debug\fmodnative.tlog\custombuild.read.1.tlog
d:\projects\smarthome\fmodnative\bin\win\fmodnative.dir\debug\fmodnative.tlog\custombuild.write.1.tlog
d:\projects\smarthome\fmodnative\bin\win\fmodnative.dir\debug\fmodnative.tlog\fmodnative.write.1u.tlog
d:\projects\smarthome\fmodnative\bin\win\fmodnative.dir\debug\fmodnative.tlog\link.command.1.tlog
d:\projects\smarthome\fmodnative\bin\win\fmodnative.dir\debug\fmodnative.tlog\link.read.1.tlog
d:\projects\smarthome\fmodnative\bin\win\fmodnative.dir\debug\fmodnative.tlog\link.write.1.tlog
